<?xml version="1.0" encoding="UTF-8"?>
<!-- Generated by org.testng.reporters.JUnitReportReporter -->
<testsuite hostname="Miya" name="myGroup.RESTAPITest" tests="3" failures="0" timestamp="20 Aug 2018 02:32:26 GMT" time="9.161" errors="0">
  <testcase name="JiraUpdateComment" time="1.663" classname="myGroup.RESTAPITest"/>
  <testcase name="jiraCreateIssue" time="6.994" classname="myGroup.RESTAPITest"/>
  <testcase name="JiraAddComment" time="0.504" classname="myGroup.RESTAPITest"/>
</testsuite> <!-- myGroup.RESTAPITest -->
