<?xml version="1.0" encoding="UTF-8"?>
<!-- Generated by org.testng.reporters.JUnitReportReporter -->
<testsuite hostname="Miya" name="myGroup.RESTAPITest" tests="1" failures="0" timestamp="16 Aug 2018 04:18:19 GMT" time="9.891" errors="0">
  <testcase name="JiraAPI" time="9.891" classname="myGroup.RESTAPITest"/>
</testsuite> <!-- myGroup.RESTAPITest -->
